#
# There is insufficient memory for the Java Runtime Environment to continue.
# Native memory allocation (malloc) failed to allocate 183536 bytes for Chunk::new
# Possible reasons:
#   The system is out of physical RAM or swap space
#   The process is running with CompressedOops enabled, and the Java Heap may be blocking the growth of the native heap
# Possible solutions:
#   Reduce memory load on the system
#   Increase physical memory or swap space
#   Check if swap backing store is full
#   Decrease Java heap size (-Xmx/-Xms)
#   Decrease number of Java threads
#   Decrease Java thread stack sizes (-Xss)
#   Set larger code cache with -XX:ReservedCodeCacheSize=
#   JVM is running with Zero Based Compressed Oops mode in which the Java heap is
#     placed in the first 32GB address space. The Java Heap base address is the
#     maximum limit for the native heap growth. Please use -XX:HeapBaseMinAddress
#     to set the Java Heap base and to place the Java Heap above 32GB virtual address.
# This output file may be truncated or incomplete.
#
#  Out of Memory Error (arena.cpp:189), pid=29644, tid=27312
#
# JRE version: OpenJDK Runtime Environment JBR-17.0.4+7-469.53-jcef (17.0.4+7) (build 17.0.4+7-b469.53)
# Java VM: OpenJDK 64-Bit Server VM JBR-17.0.4+7-469.53-jcef (17.0.4+7-b469.53, mixed mode, tiered, compressed oops, compressed class ptrs, g1 gc, windows-amd64)
# No core dump will be written. Minidumps are not enabled by default on client versions of Windows
#

---------------  S U M M A R Y ------------

Command Line: git4idea.http.GitAskPassApp Username for 'https://github.com': 

Host: Intel(R) Core(TM) i5-10210U CPU @ 1.60GHz, 8 cores, 15G,  Windows 10 , 64 bit Build 19041 (10.0.19041.1889)
Time: Fri Sep 30 17:24:29 2022  Windows 10 , 64 bit Build 19041 (10.0.19041.1889) elapsed time: 0.175651 seconds (0d 0h 0m 0s)

---------------  T H R E A D  ---------------

Current thread (0x000002417f9ed740):  JavaThread "C2 CompilerThread0" daemon [_thread_in_native, id=27312, stack(0x000000f04e100000,0x000000f04e200000)]


Current CompileTask:
C2:    175  111 %     4       java.util.zip.ZipFile$Source::initCEN @ 240 (591 bytes)

Stack: [0x000000f04e100000,0x000000f04e200000]
Native frames: (J=compiled Java code, j=interpreted, Vv=VM code, C=native code)
V  [jvm.dll+0x68348a]
V  [jvm.dll+0x83faf4]
V  [jvm.dll+0x84129e]
V  [jvm.dll+0x841903]
V  [jvm.dll+0x2494a5]
V  [jvm.dll+0xabd5c]
V  [jvm.dll+0xac32c]
V  [jvm.dll+0x368722]
V  [jvm.dll+0x332ae1]
V  [jvm.dll+0x331f8a]
V  [jvm.dll+0x21bb91]
V  [jvm.dll+0x21afb1]
V  [jvm.dll+0x1a4cfd]
V  [jvm.dll+0x22aa48]
V  [jvm.dll+0x228af9]
V  [jvm.dll+0x7f52fc]
V  [jvm.dll+0x7ef82a]
V  [jvm.dll+0x6822c5]
C  [ucrtbase.dll+0x21bb2]
C  [KERNEL32.DLL+0x17034]
C  [ntdll.dll+0x526a1]


---------------  P R O C E S S  ---------------

Threads class SMR info:
_java_thread_list=0x000002417fb3e160, length=12, elements={
0x0000024162da09a0, 0x000002417f977b20, 0x000002417f978ad0, 0x000002417f9c7200,
0x000002417f9c7cb0, 0x000002417f9c8660, 0x000002417f9c9010, 0x000002417f9ed740,
0x000002417f9fb560, 0x000002417f9fc670, 0x000002417fb61020, 0x000002417fb73600
}

Java Threads: ( => current thread )
  0x0000024162da09a0 JavaThread "main" [_thread_in_vm, id=2448, stack(0x000000f04d400000,0x000000f04d500000)]
  0x000002417f977b20 JavaThread "Reference Handler" daemon [_thread_blocked, id=25864, stack(0x000000f04db00000,0x000000f04dc00000)]
  0x000002417f978ad0 JavaThread "Finalizer" daemon [_thread_blocked, id=25292, stack(0x000000f04dc00000,0x000000f04dd00000)]
  0x000002417f9c7200 JavaThread "Signal Dispatcher" daemon [_thread_blocked, id=24960, stack(0x000000f04dd00000,0x000000f04de00000)]
  0x000002417f9c7cb0 JavaThread "Attach Listener" daemon [_thread_blocked, id=28876, stack(0x000000f04de00000,0x000000f04df00000)]
  0x000002417f9c8660 JavaThread "Service Thread" daemon [_thread_blocked, id=17984, stack(0x000000f04df00000,0x000000f04e000000)]
  0x000002417f9c9010 JavaThread "Monitor Deflation Thread" daemon [_thread_blocked, id=24740, stack(0x000000f04e000000,0x000000f04e100000)]
=>0x000002417f9ed740 JavaThread "C2 CompilerThread0" daemon [_thread_in_native, id=27312, stack(0x000000f04e100000,0x000000f04e200000)]
  0x000002417f9fb560 JavaThread "C1 CompilerThread0" daemon [_thread_blocked, id=17412, stack(0x000000f04e200000,0x000000f04e300000)]
  0x000002417f9fc670 JavaThread "Sweeper thread" daemon [_thread_blocked, id=13644, stack(0x000000f04e300000,0x000000f04e400000)]
  0x000002417fb61020 JavaThread "Notification Thread" daemon [_thread_blocked, id=6784, stack(0x000000f04e400000,0x000000f04e500000)]
  0x000002417fb73600 JavaThread "Common-Cleaner" daemon [_thread_blocked, id=5456, stack(0x000000f04e600000,0x000000f04e700000)]

Other Threads:
  0x000002417f92b490 VMThread "VM Thread" [stack: 0x000000f04da00000,0x000000f04db00000] [id=16300]
  0x000002417fb614f0 WatcherThread [stack: 0x000000f04e500000,0x000000f04e600000] [id=24508]
  0x0000024162e0e350 GCTaskThread "GC Thread#0" [stack: 0x000000f04d500000,0x000000f04d600000] [id=27712]
  0x0000024162e1efd0 ConcurrentGCThread "G1 Main Marker" [stack: 0x000000f04d600000,0x000000f04d700000] [id=12904]
  0x0000024162e1f9e0 ConcurrentGCThread "G1 Conc#0" [stack: 0x000000f04d700000,0x000000f04d800000] [id=11364]
  0x000002417f7ca510 ConcurrentGCThread "G1 Refine#0" [stack: 0x000000f04d800000,0x000000f04d900000] [id=17832]
  0x000002417f7cad40 ConcurrentGCThread "G1 Service" [stack: 0x000000f04d900000,0x000000f04da00000] [id=25628]

Threads with active compile tasks:
C2 CompilerThread0      201  111 %     4       java.util.zip.ZipFile$Source::initCEN @ 240 (591 bytes)

VM state: not at safepoint (normal execution)

VM Mutex/Monitor currently owned by a thread:  ([mutex/lock_event])
[0x0000024162d9a7d0] Metaspace_lock - owner thread: 0x0000024162da09a0

Heap address: 0x0000000702c00000, size: 4052 MB, Compressed Oops mode: Zero based, Oop shift amount: 3

CDS archive(s) not mapped
Compressed class space mapped at: 0x0000000800000000-0x0000000840000000, reserved size: 1073741824
Narrow klass base: 0x0000000800000000, Narrow klass shift: 0, Narrow klass range: 0x40000000

GC Precious Log:
 CPUs: 8 total, 8 available
 Memory: 16206M
 Large Page Support: Disabled
 NUMA Support: Disabled
 Compressed Oops: Enabled (Zero based)
 Heap Region Size: 2M
 Heap Min Capacity: 8M
 Heap Initial Capacity: 254M
 Heap Max Capacity: 4052M
 Pre-touch: Disabled
 Parallel Workers: 8
 Concurrent Workers: 2
 Concurrent Refinement Workers: 8
 Periodic GC: Disabled

Heap:
 garbage-first heap   total 260096K, used 16384K [0x0000000702c00000, 0x0000000800000000)
  region size 2048K, 2 young (4096K), 0 survivors (0K)
 Metaspace       used 5900K, committed 5952K, reserved 1056768K
  class space    used 495K, committed 512K, reserved 1048576K

Heap Regions: E=young(eden), S=young(survivor), O=old, HS=humongous(starts), HC=humongous(continues), CS=collection set, F=free, OA=open archive, CA=closed archive, TAMS=top-at-mark-start (previous, next)
|   0|0x0000000702c00000, 0x0000000702e00000, 0x0000000702e00000|100%|HS|  |TAMS 0x0000000702c00000, 0x0000000702c00000| Complete 
|   1|0x0000000702e00000, 0x0000000703000000, 0x0000000703000000|100%|HC|  |TAMS 0x0000000702e00000, 0x0000000702e00000| Complete 
|   2|0x0000000703000000, 0x0000000703200000, 0x0000000703200000|100%|HC|  |TAMS 0x0000000703000000, 0x0000000703000000| Complete 
|   3|0x0000000703200000, 0x0000000703400000, 0x0000000703400000|100%|HC|  |TAMS 0x0000000703200000, 0x0000000703200000| Complete 
|   4|0x0000000703400000, 0x0000000703600000, 0x0000000703600000|100%|HC|  |TAMS 0x0000000703400000, 0x0000000703400000| Complete 
|   5|0x0000000703600000, 0x0000000703800000, 0x0000000703800000|100%|HC|  |TAMS 0x0000000703600000, 0x0000000703600000| Complete 
|   6|0x0000000703800000, 0x0000000703a00000, 0x0000000703a00000|100%|HS|  |TAMS 0x0000000703800000, 0x0000000703800000| Complete 
|   7|0x0000000703a00000, 0x0000000703a00000, 0x0000000703c00000|  0%| F|  |TAMS 0x0000000703a00000, 0x0000000703a00000| Untracked 
|   8|0x0000000703c00000, 0x0000000703c00000, 0x0000000703e00000|  0%| F|  |TAMS 0x0000000703c00000, 0x0000000703c00000| Untracked 
|   9|0x0000000703e00000, 0x0000000703e00000, 0x0000000704000000|  0%| F|  |TAMS 0x0000000703e00000, 0x0000000703e00000| Untracked 
|  10|0x0000000704000000, 0x0000000704000000, 0x0000000704200000|  0%| F|  |TAMS 0x0000000704000000, 0x0000000704000000| Untracked 
|  11|0x0000000704200000, 0x0000000704200000, 0x0000000704400000|  0%| F|  |TAMS 0x0000000704200000, 0x0000000704200000| Untracked 
|  12|0x0000000704400000, 0x0000000704400000, 0x0000000704600000|  0%| F|  |TAMS 0x0000000704400000, 0x0000000704400000| Untracked 
|  13|0x0000000704600000, 0x0000000704600000, 0x0000000704800000|  0%| F|  |TAMS 0x0000000704600000, 0x0000000704600000| Untracked 
|  14|0x0000000704800000, 0x0000000704800000, 0x0000000704a00000|  0%| F|  |TAMS 0x0000000704800000, 0x0000000704800000| Untracked 
|  15|0x0000000704a00000, 0x0000000704a00000, 0x0000000704c00000|  0%| F|  |TAMS 0x0000000704a00000, 0x0000000704a00000| Untracked 
|  16|0x0000000704c00000, 0x0000000704c00000, 0x0000000704e00000|  0%| F|  |TAMS 0x0000000704c00000, 0x0000000704c00000| Untracked 
|  17|0x0000000704e00000, 0x0000000704e00000, 0x0000000705000000|  0%| F|  |TAMS 0x0000000704e00000, 0x0000000704e00000| Untracked 
|  18|0x0000000705000000, 0x0000000705000000, 0x0000000705200000|  0%| F|  |TAMS 0x0000000705000000, 0x0000000705000000| Untracked 
|  19|0x0000000705200000, 0x0000000705200000, 0x0000000705400000|  0%| F|  |TAMS 0x0000000705200000, 0x0000000705200000| Untracked 
|  20|0x0000000705400000, 0x0000000705400000, 0x0000000705600000|  0%| F|  |TAMS 0x0000000705400000, 0x0000000705400000| Untracked 
|  21|0x0000000705600000, 0x0000000705600000, 0x0000000705800000|  0%| F|  |TAMS 0x0000000705600000, 0x0000000705600000| Untracked 
|  22|0x0000000705800000, 0x0000000705800000, 0x0000000705a00000|  0%| F|  |TAMS 0x0000000705800000, 0x0000000705800000| Untracked 
|  23|0x0000000705a00000, 0x0000000705a00000, 0x0000000705c00000|  0%| F|  |TAMS 0x0000000705a00000, 0x0000000705a00000| Untracked 
|  24|0x0000000705c00000, 0x0000000705c00000, 0x0000000705e00000|  0%| F|  |TAMS 0x0000000705c00000, 0x0000000705c00000| Untracked 
|  25|0x0000000705e00000, 0x0000000705e00000, 0x0000000706000000|  0%| F|  |TAMS 0x0000000705e00000, 0x0000000705e00000| Untracked 
|  26|0x0000000706000000, 0x0000000706000000, 0x0000000706200000|  0%| F|  |TAMS 0x0000000706000000, 0x0000000706000000| Untracked 
|  27|0x0000000706200000, 0x0000000706200000, 0x0000000706400000|  0%| F|  |TAMS 0x0000000706200000, 0x0000000706200000| Untracked 
|  28|0x0000000706400000, 0x0000000706400000, 0x0000000706600000|  0%| F|  |TAMS 0x0000000706400000, 0x0000000706400000| Untracked 
|  29|0x0000000706600000, 0x0000000706600000, 0x0000000706800000|  0%| F|  |TAMS 0x0000000706600000, 0x0000000706600000| Untracked 
|  30|0x0000000706800000, 0x0000000706800000, 0x0000000706a00000|  0%| F|  |TAMS 0x0000000706800000, 0x0000000706800000| Untracked 
|  31|0x0000000706a00000, 0x0000000706a00000, 0x0000000706c00000|  0%| F|  |TAMS 0x0000000706a00000, 0x0000000706a00000| Untracked 
|  32|0x0000000706c00000, 0x0000000706c00000, 0x0000000706e00000|  0%| F|  |TAMS 0x0000000706c00000, 0x0000000706c00000| Untracked 
|  33|0x0000000706e00000, 0x0000000706e00000, 0x0000000707000000|  0%| F|  |TAMS 0x0000000706e00000, 0x0000000706e00000| Untracked 
|  34|0x0000000707000000, 0x0000000707000000, 0x0000000707200000|  0%| F|  |TAMS 0x0000000707000000, 0x0000000707000000| Untracked 
|  35|0x0000000707200000, 0x0000000707200000, 0x0000000707400000|  0%| F|  |TAMS 0x0000000707200000, 0x0000000707200000| Untracked 
|  36|0x0000000707400000, 0x0000000707400000, 0x0000000707600000|  0%| F|  |TAMS 0x0000000707400000, 0x0000000707400000| Untracked 
|  37|0x0000000707600000, 0x0000000707600000, 0x0000000707800000|  0%| F|  |TAMS 0x0000000707600000, 0x0000000707600000| Untracked 
|  38|0x0000000707800000, 0x0000000707800000, 0x0000000707a00000|  0%| F|  |TAMS 0x0000000707800000, 0x0000000707800000| Untracked 
|  39|0x0000000707a00000, 0x0000000707a00000, 0x0000000707c00000|  0%| F|  |TAMS 0x0000000707a00000, 0x0000000707a00000| Untracked 
|  40|0x0000000707c00000, 0x0000000707c00000, 0x0000000707e00000|  0%| F|  |TAMS 0x0000000707c00000, 0x0000000707c00000| Untracked 
|  41|0x0000000707e00000, 0x0000000707e00000, 0x0000000708000000|  0%| F|  |TAMS 0x0000000707e00000, 0x0000000707e00000| Untracked 
|  42|0x0000000708000000, 0x0000000708000000, 0x0000000708200000|  0%| F|  |TAMS 0x0000000708000000, 0x0000000708000000| Untracked 
|  43|0x0000000708200000, 0x0000000708200000, 0x0000000708400000|  0%| F|  |TAMS 0x0000000708200000, 0x0000000708200000| Untracked 
|  44|0x0000000708400000, 0x0000000708400000, 0x0000000708600000|  0%| F|  |TAMS 0x0000000708400000, 0x0000000708400000| Untracked 
|  45|0x0000000708600000, 0x0000000708600000, 0x0000000708800000|  0%| F|  |TAMS 0x0000000708600000, 0x0000000708600000| Untracked 
|  46|0x0000000708800000, 0x0000000708800000, 0x0000000708a00000|  0%| F|  |TAMS 0x0000000708800000, 0x0000000708800000| Untracked 
|  47|0x0000000708a00000, 0x0000000708a00000, 0x0000000708c00000|  0%| F|  |TAMS 0x0000000708a00000, 0x0000000708a00000| Untracked 
|  48|0x0000000708c00000, 0x0000000708c00000, 0x0000000708e00000|  0%| F|  |TAMS 0x0000000708c00000, 0x0000000708c00000| Untracked 
|  49|0x0000000708e00000, 0x0000000708e00000, 0x0000000709000000|  0%| F|  |TAMS 0x0000000708e00000, 0x0000000708e00000| Untracked 
|  50|0x0000000709000000, 0x0000000709000000, 0x0000000709200000|  0%| F|  |TAMS 0x0000000709000000, 0x0000000709000000| Untracked 
|  51|0x0000000709200000, 0x0000000709200000, 0x0000000709400000|  0%| F|  |TAMS 0x0000000709200000, 0x0000000709200000| Untracked 
|  52|0x0000000709400000, 0x0000000709400000, 0x0000000709600000|  0%| F|  |TAMS 0x0000000709400000, 0x0000000709400000| Untracked 
|  53|0x0000000709600000, 0x0000000709600000, 0x0000000709800000|  0%| F|  |TAMS 0x0000000709600000, 0x0000000709600000| Untracked 
|  54|0x0000000709800000, 0x0000000709800000, 0x0000000709a00000|  0%| F|  |TAMS 0x0000000709800000, 0x0000000709800000| Untracked 
|  55|0x0000000709a00000, 0x0000000709a00000, 0x0000000709c00000|  0%| F|  |TAMS 0x0000000709a00000, 0x0000000709a00000| Untracked 
|  56|0x0000000709c00000, 0x0000000709c00000, 0x0000000709e00000|  0%| F|  |TAMS 0x0000000709c00000, 0x0000000709c00000| Untracked 
|  57|0x0000000709e00000, 0x0000000709e00000, 0x000000070a000000|  0%| F|  |TAMS 0x0000000709e00000, 0x0000000709e00000| Untracked 
|  58|0x000000070a000000, 0x000000070a000000, 0x000000070a200000|  0%| F|  |TAMS 0x000000070a000000, 0x000000070a000000| Untracked 
|  59|0x000000070a200000, 0x000000070a200000, 0x000000070a400000|  0%| F|  |TAMS 0x000000070a200000, 0x000000070a200000| Untracked 
|  60|0x000000070a400000, 0x000000070a400000, 0x000000070a600000|  0%| F|  |TAMS 0x000000070a400000, 0x000000070a400000| Untracked 
|  61|0x000000070a600000, 0x000000070a600000, 0x000000070a800000|  0%| F|  |TAMS 0x000000070a600000, 0x000000070a600000| Untracked 
|  62|0x000000070a800000, 0x000000070a800000, 0x000000070aa00000|  0%| F|  |TAMS 0x000000070a800000, 0x000000070a800000| Untracked 
|  63|0x000000070aa00000, 0x000000070aa00000, 0x000000070ac00000|  0%| F|  |TAMS 0x000000070aa00000, 0x000000070aa00000| Untracked 
|  64|0x000000070ac00000, 0x000000070ac00000, 0x000000070ae00000|  0%| F|  |TAMS 0x000000070ac00000, 0x000000070ac00000| Untracked 
|  65|0x000000070ae00000, 0x000000070ae00000, 0x000000070b000000|  0%| F|  |TAMS 0x000000070ae00000, 0x000000070ae00000| Untracked 
|  66|0x000000070b000000, 0x000000070b000000, 0x000000070b200000|  0%| F|  |TAMS 0x000000070b000000, 0x000000070b000000| Untracked 
|  67|0x000000070b200000, 0x000000070b200000, 0x000000070b400000|  0%| F|  |TAMS 0x000000070b200000, 0x000000070b200000| Untracked 
|  68|0x000000070b400000, 0x000000070b400000, 0x000000070b600000|  0%| F|  |TAMS 0x000000070b400000, 0x000000070b400000| Untracked 
|  69|0x000000070b600000, 0x000000070b600000, 0x000000070b800000|  0%| F|  |TAMS 0x000000070b600000, 0x000000070b600000| Untracked 
|  70|0x000000070b800000, 0x000000070b800000, 0x000000070ba00000|  0%| F|  |TAMS 0x000000070b800000, 0x000000070b800000| Untracked 
|  71|0x000000070ba00000, 0x000000070ba00000, 0x000000070bc00000|  0%| F|  |TAMS 0x000000070ba00000, 0x000000070ba00000| Untracked 
|  72|0x000000070bc00000, 0x000000070bc00000, 0x000000070be00000|  0%| F|  |TAMS 0x000000070bc00000, 0x000000070bc00000| Untracked 
|  73|0x000000070be00000, 0x000000070be00000, 0x000000070c000000|  0%| F|  |TAMS 0x000000070be00000, 0x000000070be00000| Untracked 
|  74|0x000000070c000000, 0x000000070c000000, 0x000000070c200000|  0%| F|  |TAMS 0x000000070c000000, 0x000000070c000000| Untracked 
|  75|0x000000070c200000, 0x000000070c200000, 0x000000070c400000|  0%| F|  |TAMS 0x000000070c200000, 0x000000070c200000| Untracked 
|  76|0x000000070c400000, 0x000000070c400000, 0x000000070c600000|  0%| F|  |TAMS 0x000000070c400000, 0x000000070c400000| Untracked 
|  77|0x000000070c600000, 0x000000070c600000, 0x000000070c800000|  0%| F|  |TAMS 0x000000070c600000, 0x000000070c600000| Untracked 
|  78|0x000000070c800000, 0x000000070c800000, 0x000000070ca00000|  0%| F|  |TAMS 0x000000070c800000, 0x000000070c800000| Untracked 
|  79|0x000000070ca00000, 0x000000070ca00000, 0x000000070cc00000|  0%| F|  |TAMS 0x000000070ca00000, 0x000000070ca00000| Untracked 
|  80|0x000000070cc00000, 0x000000070cc00000, 0x000000070ce00000|  0%| F|  |TAMS 0x000000070cc00000, 0x000000070cc00000| Untracked 
|  81|0x000000070ce00000, 0x000000070ce00000, 0x000000070d000000|  0%| F|  |TAMS 0x000000070ce00000, 0x000000070ce00000| Untracked 
|  82|0x000000070d000000, 0x000000070d000000, 0x000000070d200000|  0%| F|  |TAMS 0x000000070d000000, 0x000000070d000000| Untracked 
|  83|0x000000070d200000, 0x000000070d200000, 0x000000070d400000|  0%| F|  |TAMS 0x000000070d200000, 0x000000070d200000| Untracked 
|  84|0x000000070d400000, 0x000000070d400000, 0x000000070d600000|  0%| F|  |TAMS 0x000000070d400000, 0x000000070d400000| Untracked 
|  85|0x000000070d600000, 0x000000070d600000, 0x000000070d800000|  0%| F|  |TAMS 0x000000070d600000, 0x000000070d600000| Untracked 
|  86|0x000000070d800000, 0x000000070d800000, 0x000000070da00000|  0%| F|  |TAMS 0x000000070d800000, 0x000000070d800000| Untracked 
|  87|0x000000070da00000, 0x000000070da00000, 0x000000070dc00000|  0%| F|  |TAMS 0x000000070da00000, 0x000000070da00000| Untracked 
|  88|0x000000070dc00000, 0x000000070dc00000, 0x000000070de00000|  0%| F|  |TAMS 0x000000070dc00000, 0x000000070dc00000| Untracked 
|  89|0x000000070de00000, 0x000000070de00000, 0x000000070e000000|  0%| F|  |TAMS 0x000000070de00000, 0x000000070de00000| Untracked 
|  90|0x000000070e000000, 0x000000070e000000, 0x000000070e200000|  0%| F|  |TAMS 0x000000070e000000, 0x000000070e000000| Untracked 
|  91|0x000000070e200000, 0x000000070e200000, 0x000000070e400000|  0%| F|  |TAMS 0x000000070e200000, 0x000000070e200000| Untracked 
|  92|0x000000070e400000, 0x000000070e400000, 0x000000070e600000|  0%| F|  |TAMS 0x000000070e400000, 0x000000070e400000| Untracked 
|  93|0x000000070e600000, 0x000000070e600000, 0x000000070e800000|  0%| F|  |TAMS 0x000000070e600000, 0x000000070e600000| Untracked 
|  94|0x000000070e800000, 0x000000070e800000, 0x000000070ea00000|  0%| F|  |TAMS 0x000000070e800000, 0x000000070e800000| Untracked 
|  95|0x000000070ea00000, 0x000000070ea00000, 0x000000070ec00000|  0%| F|  |TAMS 0x000000070ea00000, 0x000000070ea00000| Untracked 
|  96|0x000000070ec00000, 0x000000070ec00000, 0x000000070ee00000|  0%| F|  |TAMS 0x000000070ec00000, 0x000000070ec00000| Untracked 
|  97|0x000000070ee00000, 0x000000070ee00000, 0x000000070f000000|  0%| F|  |TAMS 0x000000070ee00000, 0x000000070ee00000| Untracked 
|  98|0x000000070f000000, 0x000000070f000000, 0x000000070f200000|  0%| F|  |TAMS 0x000000070f000000, 0x000000070f000000| Untracked 
|  99|0x000000070f200000, 0x000000070f200000, 0x000000070f400000|  0%| F|  |TAMS 0x000000070f200000, 0x000000070f200000| Untracked 
| 100|0x000000070f400000, 0x000000070f400000, 0x000000070f600000|  0%| F|  |TAMS 0x000000070f400000, 0x000000070f400000| Untracked 
| 101|0x000000070f600000, 0x000000070f600000, 0x000000070f800000|  0%| F|  |TAMS 0x000000070f600000, 0x000000070f600000| Untracked 
| 102|0x000000070f800000, 0x000000070f800000, 0x000000070fa00000|  0%| F|  |TAMS 0x000000070f800000, 0x000000070f800000| Untracked 
| 103|0x000000070fa00000, 0x000000070fa00000, 0x000000070fc00000|  0%| F|  |TAMS 0x000000070fa00000, 0x000000070fa00000| Untracked 
| 104|0x000000070fc00000, 0x000000070fc00000, 0x000000070fe00000|  0%| F|  |TAMS 0x000000070fc00000, 0x000000070fc00000| Untracked 
| 105|0x000000070fe00000, 0x000000070fe00000, 0x0000000710000000|  0%| F|  |TAMS 0x000000070fe00000, 0x000000070fe00000| Untracked 
| 106|0x0000000710000000, 0x0000000710000000, 0x0000000710200000|  0%| F|  |TAMS 0x0000000710000000, 0x0000000710000000| Untracked 
| 107|0x0000000710200000, 0x0000000710200000, 0x0000000710400000|  0%| F|  |TAMS 0x0000000710200000, 0x0000000710200000| Untracked 
| 108|0x0000000710400000, 0x0000000710400000, 0x0000000710600000|  0%| F|  |TAMS 0x0000000710400000, 0x0000000710400000| Untracked 
| 109|0x0000000710600000, 0x0000000710600000, 0x0000000710800000|  0%| F|  |TAMS 0x0000000710600000, 0x0000000710600000| Untracked 
| 110|0x0000000710800000, 0x0000000710800000, 0x0000000710a00000|  0%| F|  |TAMS 0x0000000710800000, 0x0000000710800000| Untracked 
| 111|0x0000000710a00000, 0x0000000710a00000, 0x0000000710c00000|  0%| F|  |TAMS 0x0000000710a00000, 0x0000000710a00000| Untracked 
| 112|0x0000000710c00000, 0x0000000710c00000, 0x0000000710e00000|  0%| F|  |TAMS 0x0000000710c00000, 0x0000000710c00000| Untracked 
| 113|0x0000000710e00000, 0x0000000710e00000, 0x0000000711000000|  0%| F|  |TAMS 0x0000000710e00000, 0x0000000710e00000| Untracked 
| 114|0x0000000711000000, 0x0000000711000000, 0x0000000711200000|  0%| F|  |TAMS 0x0000000711000000, 0x0000000711000000| Untracked 
| 115|0x0000000711200000, 0x0000000711200000, 0x0000000711400000|  0%| F|  |TAMS 0x0000000711200000, 0x0000000711200000| Untracked 
| 116|0x0000000711400000, 0x0000000711400000, 0x0000000711600000|  0%| F|  |TAMS 0x0000000711400000, 0x0000000711400000| Untracked 
| 117|0x0000000711600000, 0x0000000711600000, 0x0000000711800000|  0%| F|  |TAMS 0x0000000711600000, 0x0000000711600000| Untracked 
| 118|0x0000000711800000, 0x0000000711800000, 0x0000000711a00000|  0%| F|  |TAMS 0x0000000711800000, 0x0000000711800000| Untracked 
| 119|0x0000000711a00000, 0x0000000711a00000, 0x0000000711c00000|  0%| F|  |TAMS 0x0000000711a00000, 0x0000000711a00000| Untracked 
| 120|0x0000000711c00000, 0x0000000711c00000, 0x0000000711e00000|  0%| F|  |TAMS 0x0000000711c00000, 0x0000000711c00000| Untracked 
| 121|0x0000000711e00000, 0x0000000711e00000, 0x0000000712000000|  0%| F|  |TAMS 0x0000000711e00000, 0x0000000711e00000| Untracked 
| 122|0x0000000712000000, 0x0000000712000000, 0x0000000712200000|  0%| F|  |TAMS 0x0000000712000000, 0x0000000712000000| Untracked 
| 123|0x0000000712200000, 0x0000000712200000, 0x0000000712400000|  0%| F|  |TAMS 0x0000000712200000, 0x0000000712200000| Untracked 
| 124|0x0000000712400000, 0x0000000712400000, 0x0000000712600000|  0%| F|  |TAMS 0x0000000712400000, 0x0000000712400000| Untracked 
| 125|0x0000000712600000, 0x0000000712671260, 0x0000000712800000| 22%| E|  |TAMS 0x0000000712600000, 0x0000000712600000| Complete 
| 126|0x0000000712800000, 0x0000000712a00000, 0x0000000712a00000|100%| E|CS|TAMS 0x0000000712800000, 0x0000000712800000| Complete 

Card table byte_map: [0x0000024176020000,0x0000024176810000] _byte_map_base: 0x000002417280a000

Marking Bits (Prev, Next): (CMBitMap*) 0x0000024162e0e960, (CMBitMap*) 0x0000024162e0e9a0
 Prev Bits: [0x0000024177000000, 0x000002417af50000)
 Next Bits: [0x000002417af50000, 0x000002417eea0000)

Polling page: 0x0000024160ce0000

Metaspace:

Usage:
  Non-class:      5.28 MB used.
      Class:    495.86 KB used.
       Both:      5.76 MB used.

Virtual space:
  Non-class space:        8.00 MB reserved,       5.31 MB ( 66%) committed,  1 nodes.
      Class space:        1.00 GB reserved,     512.00 KB ( <1%) committed,  1 nodes.
             Both:        1.01 GB reserved,       5.81 MB ( <1%) committed. 

Chunk freelists:
   Non-Class:  2.47 MB
       Class:  3.50 MB
        Both:  5.97 MB

MaxMetaspaceSize: unlimited
CompressedClassSpaceSize: 1.00 GB
Initial GC threshold: 21.00 MB
Current GC threshold: 21.00 MB
CDS: off
MetaspaceReclaimPolicy: balanced
 - commit_granule_bytes: 65536.
 - commit_granule_words: 8192.
 - virtual_space_node_default_size: 1048576.
 - enlarge_chunks_in_place: 1.
 - new_chunks_are_fully_committed: 0.
 - uncommit_free_chunks: 1.
 - use_allocation_guard: 0.
 - handle_deallocations: 1.


Internal statistics:

num_allocs_failed_limit: 0.
num_arena_births: 6.
num_arena_deaths: 0.
num_vsnodes_births: 2.
num_vsnodes_deaths: 0.
num_space_committed: 93.
num_space_uncommitted: 0.
num_chunks_returned_to_freelist: 0.
num_chunks_taken_from_freelist: 19.
num_chunk_merges: 0.
num_chunk_splits: 7.
num_chunks_enlarged: 3.
num_purges: 0.
num_inconsistent_stats: 0.

CodeHeap 'non-profiled nmethods': size=120000Kb used=36Kb max_used=36Kb free=119963Kb
 bounds [0x000002416dfd0000, 0x000002416e240000, 0x0000024175500000]
CodeHeap 'profiled nmethods': size=120000Kb used=219Kb max_used=219Kb free=119780Kb
 bounds [0x0000024166aa0000, 0x0000024166d10000, 0x000002416dfd0000]
CodeHeap 'non-nmethods': size=5760Kb used=1093Kb max_used=1093Kb free=4666Kb
 bounds [0x0000024166500000, 0x0000024166770000, 0x0000024166aa0000]
 total_blobs=506 nmethods=140 adapters=279
 compilation: enabled
              stopped_count=0, restarted_count=0
 full_count=0

Compilation events (20 events):
Event: 0.161 Thread 0x000002417f9fb560 nmethod 109 0x0000024166ac9710 code [0x0000024166ac9c40, 0x0000024166accd58]
Event: 0.161 Thread 0x000002417f9ed740  111 %     4       java.util.zip.ZipFile$Source::initCEN @ 240 (591 bytes)
Event: 0.163 Thread 0x000002417f9fb560  112       3       java.util.Arrays::copyOfRange (64 bytes)
Event: 0.163 Thread 0x000002417f9fb560 nmethod 112 0x0000024166ace090 code [0x0000024166ace300, 0x0000024166acec18]
Event: 0.164 Thread 0x000002417f9fb560  113       3       java.util.HashMap::putVal (300 bytes)
Event: 0.164 Thread 0x000002417f9fb560 nmethod 113 0x0000024166acef90 code [0x0000024166acf220, 0x0000024166ad04b8]
Event: 0.164 Thread 0x000002417f9fb560  120       3       java.util.TreeMap::put (221 bytes)
Event: 0.165 Thread 0x000002417f9fb560 nmethod 120 0x0000024166ad0990 code [0x0000024166ad0be0, 0x0000024166ad1828]
Event: 0.165 Thread 0x000002417f9fb560  115       3       java.lang.CharacterData::of (136 bytes)
Event: 0.165 Thread 0x000002417f9fb560 nmethod 115 0x0000024166ad1b10 code [0x0000024166ad1d40, 0x0000024166ad26d8]
Event: 0.165 Thread 0x000002417f9fb560  116       3       java.lang.CharacterDataLatin1::toUpperCase (53 bytes)
Event: 0.166 Thread 0x000002417f9fb560 nmethod 116 0x0000024166ad2910 code [0x0000024166ad2ac0, 0x0000024166ad2d58]
Event: 0.166 Thread 0x000002417f9fb560  117       3       java.lang.Character::toUpperCase (6 bytes)
Event: 0.166 Thread 0x000002417f9fb560 nmethod 117 0x0000024166ad2e90 code [0x0000024166ad3040, 0x0000024166ad3298]
Event: 0.166 Thread 0x000002417f9fb560  118       3       java.lang.Character::toUpperCase (9 bytes)
Event: 0.166 Thread 0x000002417f9fb560 nmethod 118 0x0000024166ad3390 code [0x0000024166ad3540, 0x0000024166ad3738]
Event: 0.166 Thread 0x000002417f9fb560  119       3       java.util.TreeMap::parentOf (13 bytes)
Event: 0.166 Thread 0x000002417f9fb560 nmethod 119 0x0000024166ad3810 code [0x0000024166ad39a0, 0x0000024166ad3b18]
Event: 0.166 Thread 0x000002417f9fb560  114       3       java.lang.StringLatin1::newString (24 bytes)
Event: 0.166 Thread 0x000002417f9fb560 nmethod 114 0x0000024166ad3c10 code [0x0000024166ad3de0, 0x0000024166ad4108]

GC Heap History (0 events):
No events

Deoptimization events (20 events):
Event: 0.144 Thread 0x0000024162da09a0 DEOPT PACKING pc=0x0000024166ab948c sp=0x000000f04d4fa440
Event: 0.144 Thread 0x0000024162da09a0 DEOPT UNPACKING pc=0x0000024166552b43 sp=0x000000f04d4f98d0 mode 0
Event: 0.144 Thread 0x0000024162da09a0 DEOPT PACKING pc=0x0000024166ab948c sp=0x000000f04d4fa440
Event: 0.144 Thread 0x0000024162da09a0 DEOPT UNPACKING pc=0x0000024166552b43 sp=0x000000f04d4f98d0 mode 0
Event: 0.144 Thread 0x0000024162da09a0 DEOPT PACKING pc=0x0000024166ab948c sp=0x000000f04d4fa440
Event: 0.144 Thread 0x0000024162da09a0 DEOPT UNPACKING pc=0x0000024166552b43 sp=0x000000f04d4f98d0 mode 0
Event: 0.144 Thread 0x0000024162da09a0 DEOPT PACKING pc=0x0000024166ab948c sp=0x000000f04d4fa440
Event: 0.144 Thread 0x0000024162da09a0 DEOPT UNPACKING pc=0x0000024166552b43 sp=0x000000f04d4f98d0 mode 0
Event: 0.145 Thread 0x0000024162da09a0 DEOPT PACKING pc=0x0000024166ab948c sp=0x000000f04d4fa440
Event: 0.145 Thread 0x0000024162da09a0 DEOPT UNPACKING pc=0x0000024166552b43 sp=0x000000f04d4f98d0 mode 0
Event: 0.145 Thread 0x0000024162da09a0 DEOPT PACKING pc=0x0000024166ab948c sp=0x000000f04d4fa440
Event: 0.145 Thread 0x0000024162da09a0 DEOPT UNPACKING pc=0x0000024166552b43 sp=0x000000f04d4f98d0 mode 0
Event: 0.145 Thread 0x0000024162da09a0 DEOPT PACKING pc=0x0000024166ab948c sp=0x000000f04d4fa440
Event: 0.145 Thread 0x0000024162da09a0 DEOPT UNPACKING pc=0x0000024166552b43 sp=0x000000f04d4f98d0 mode 0
Event: 0.145 Thread 0x0000024162da09a0 DEOPT PACKING pc=0x0000024166ab948c sp=0x000000f04d4fa440
Event: 0.145 Thread 0x0000024162da09a0 DEOPT UNPACKING pc=0x0000024166552b43 sp=0x000000f04d4f98d0 mode 0
Event: 0.158 Thread 0x0000024162da09a0 Uncommon trap: trap_request=0xffffff45 fr.pc=0x000002416dfd4958 relative=0x00000000000001b8
Event: 0.158 Thread 0x0000024162da09a0 Uncommon trap: reason=unstable_if action=reinterpret pc=0x000002416dfd4958 method=java.util.zip.ZipFile$Source.isMetaName([BII)Z @ 43 c2
Event: 0.158 Thread 0x0000024162da09a0 DEOPT PACKING pc=0x000002416dfd4958 sp=0x000000f04d4fa570
Event: 0.158 Thread 0x0000024162da09a0 DEOPT UNPACKING pc=0x00000241665523a3 sp=0x000000f04d4fa518 mode 2

Classes unloaded (0 events):
No events

Classes redefined (0 events):
No events

Internal exceptions (0 events):
No events

VM Operations (4 events):
Event: 0.163 Executing VM operation: HandshakeAllThreads
Event: 0.163 Executing VM operation: HandshakeAllThreads done
Event: 0.163 Executing VM operation: HandshakeAllThreads
Event: 0.163 Executing VM operation: HandshakeAllThreads done

Events (20 events):
Event: 0.169 loading class java/lang/invoke/LambdaForm$Kind
Event: 0.169 loading class java/lang/invoke/LambdaForm$Kind done
Event: 0.169 loading class java/lang/NoSuchMethodException
Event: 0.169 loading class java/lang/NoSuchMethodException done
Event: 0.169 loading class java/lang/invoke/LambdaForm$BasicType
Event: 0.169 loading class java/lang/invoke/LambdaForm$BasicType done
Event: 0.170 loading class java/lang/invoke/LambdaForm$Name
Event: 0.170 loading class java/lang/invoke/LambdaForm$Name done
Event: 0.170 loading class java/lang/invoke/LambdaForm$Holder
Event: 0.170 loading class java/lang/invoke/LambdaForm$Holder done
Event: 0.171 loading class java/lang/invoke/InvokerBytecodeGenerator
Event: 0.172 loading class java/lang/invoke/InvokerBytecodeGenerator done
Event: 0.173 loading class java/lang/invoke/InvokerBytecodeGenerator$2
Event: 0.173 loading class java/lang/invoke/InvokerBytecodeGenerator$2 done
Event: 0.173 loading class java/lang/invoke/MethodHandleImpl$Intrinsic
Event: 0.173 loading class java/lang/invoke/MethodHandleImpl$Intrinsic done
Event: 0.173 loading class java/lang/invoke/MethodHandleImpl$1
Event: 0.173 loading class jdk/internal/access/JavaLangInvokeAccess
Event: 0.174 loading class jdk/internal/access/JavaLangInvokeAccess done
Event: 0.174 loading class java/lang/invoke/MethodHandleImpl$1 done


Dynamic libraries:
0x00007ff701000000 - 0x00007ff70100a000 	D:\JetBrains\Toolbox\apps\WebStorm\ch-0\222.4167.31\jbr\bin\java.exe
0x00007ff8e8a50000 - 0x00007ff8e8c48000 	C:\Windows\SYSTEM32\ntdll.dll
0x00007ff8e8950000 - 0x00007ff8e8a0d000 	C:\Windows\System32\KERNEL32.DLL
0x00007ff8e66e0000 - 0x00007ff8e69ae000 	C:\Windows\System32\KERNELBASE.dll
0x00007ff8e69b0000 - 0x00007ff8e6ab0000 	C:\Windows\System32\ucrtbase.dll
0x00007ff8866c0000 - 0x00007ff8866db000 	D:\JetBrains\Toolbox\apps\WebStorm\ch-0\222.4167.31\jbr\bin\VCRUNTIME140.dll
0x00007ff8828e0000 - 0x00007ff8828f7000 	D:\JetBrains\Toolbox\apps\WebStorm\ch-0\222.4167.31\jbr\bin\jli.dll
0x00007ff8e87b0000 - 0x00007ff8e8950000 	C:\Windows\System32\USER32.dll
0x00007ff8e61e0000 - 0x00007ff8e6202000 	C:\Windows\System32\win32u.dll
0x00007ff8e8130000 - 0x00007ff8e815a000 	C:\Windows\System32\GDI32.dll
0x00007ff8e6540000 - 0x00007ff8e664b000 	C:\Windows\System32\gdi32full.dll
0x00007ff8cc580000 - 0x00007ff8cc81a000 	C:\Windows\WinSxS\amd64_microsoft.windows.common-controls_6595b64144ccf1df_6.0.19041.1110_none_60b5254171f9507e\COMCTL32.dll
0x00007ff8e6450000 - 0x00007ff8e64ed000 	C:\Windows\System32\msvcp_win.dll
0x00007ff8e7830000 - 0x00007ff8e78ce000 	C:\Windows\System32\msvcrt.dll
0x00007ff8e7460000 - 0x00007ff8e7490000 	C:\Windows\System32\IMM32.DLL
0x00007ff8e3530000 - 0x00007ff8e353c000 	D:\JetBrains\Toolbox\apps\WebStorm\ch-0\222.4167.31\jbr\bin\vcruntime140_1.dll
0x00007ff882850000 - 0x00007ff8828dd000 	D:\JetBrains\Toolbox\apps\WebStorm\ch-0\222.4167.31\jbr\bin\msvcp140.dll
0x00007ff871100000 - 0x00007ff871d69000 	D:\JetBrains\Toolbox\apps\WebStorm\ch-0\222.4167.31\jbr\bin\server\jvm.dll
0x00007ff8e6ab0000 - 0x00007ff8e6b5e000 	C:\Windows\System32\ADVAPI32.dll
0x00007ff8e7610000 - 0x00007ff8e76ac000 	C:\Windows\System32\sechost.dll
0x00007ff8e7950000 - 0x00007ff8e7a75000 	C:\Windows\System32\RPCRT4.dll
0x00007ff8e7940000 - 0x00007ff8e7948000 	C:\Windows\System32\PSAPI.DLL
0x00007ff8e06d0000 - 0x00007ff8e06d9000 	C:\Windows\SYSTEM32\WSOCK32.dll
0x00007ff8dee10000 - 0x00007ff8dee1a000 	C:\Windows\SYSTEM32\VERSION.dll
0x00007ff8c6d70000 - 0x00007ff8c6d97000 	C:\Windows\SYSTEM32\WINMM.dll
0x00007ff8e78d0000 - 0x00007ff8e793b000 	C:\Windows\System32\WS2_32.dll
0x00007ff8e49b0000 - 0x00007ff8e49c2000 	C:\Windows\SYSTEM32\kernel.appcore.dll
0x00007ff8e3460000 - 0x00007ff8e346a000 	D:\JetBrains\Toolbox\apps\WebStorm\ch-0\222.4167.31\jbr\bin\jimage.dll
0x00007ff8e3dc0000 - 0x00007ff8e3fa4000 	C:\Windows\SYSTEM32\DBGHELP.DLL
0x00007ff8c73c0000 - 0x00007ff8c73ec000 	C:\Windows\SYSTEM32\dbgcore.DLL
0x00007ff8e6650000 - 0x00007ff8e66d2000 	C:\Windows\System32\bcryptPrimitives.dll
0x00007ff8e04f0000 - 0x00007ff8e0515000 	D:\JetBrains\Toolbox\apps\WebStorm\ch-0\222.4167.31\jbr\bin\java.dll
0x00007ff8e04c0000 - 0x00007ff8e04d8000 	D:\JetBrains\Toolbox\apps\WebStorm\ch-0\222.4167.31\jbr\bin\zip.dll
0x00007ff8e6be0000 - 0x00007ff8e7323000 	C:\Windows\System32\SHELL32.dll
0x00007ff8e4200000 - 0x00007ff8e4995000 	C:\Windows\SYSTEM32\windows.storage.dll
0x00007ff8e7a80000 - 0x00007ff8e7dd4000 	C:\Windows\System32\combase.dll
0x00007ff8e5af0000 - 0x00007ff8e5b20000 	C:\Windows\SYSTEM32\Wldp.dll
0x00007ff8e7de0000 - 0x00007ff8e7e8d000 	C:\Windows\System32\SHCORE.dll
0x00007ff8e6b80000 - 0x00007ff8e6bd5000 	C:\Windows\System32\shlwapi.dll
0x00007ff8e60b0000 - 0x00007ff8e60cf000 	C:\Windows\SYSTEM32\profapi.dll
0x00007ff8e0370000 - 0x00007ff8e0389000 	D:\JetBrains\Toolbox\apps\WebStorm\ch-0\222.4167.31\jbr\bin\net.dll
0x00007ff8dca60000 - 0x00007ff8dcb6a000 	C:\Windows\SYSTEM32\WINHTTP.dll
0x00007ff8e58d0000 - 0x00007ff8e593a000 	C:\Windows\system32\mswsock.dll
0x00007ff8e01e0000 - 0x00007ff8e01f6000 	D:\JetBrains\Toolbox\apps\WebStorm\ch-0\222.4167.31\jbr\bin\nio.dll
0x00007ff8e0320000 - 0x00007ff8e0330000 	D:\JetBrains\Toolbox\apps\WebStorm\ch-0\222.4167.31\jbr\bin\verify.dll

dbghelp: loaded successfully - version: 4.0.5 - missing functions: none
symbol engine: initialized successfully - sym options: 0x614 - pdb path: .;D:\JetBrains\Toolbox\apps\WebStorm\ch-0\222.4167.31\jbr\bin;C:\Windows\SYSTEM32;C:\Windows\WinSxS\amd64_microsoft.windows.common-controls_6595b64144ccf1df_6.0.19041.1110_none_60b5254171f9507e;D:\JetBrains\Toolbox\apps\WebStorm\ch-0\222.4167.31\jbr\bin\server

VM Arguments:
java_command: git4idea.http.GitAskPassApp Username for 'https://github.com': 
java_class_path (initial): D:/JetBrains/Toolbox/apps/WebStorm/ch-0/222.4167.31/plugins/git4idea/lib/git4idea-rt.jar;D:/JetBrains/Toolbox/apps/WebStorm/ch-0/222.4167.31/lib/externalProcess-rt.jar;D:/JetBrains/Toolbox/apps/WebStorm/ch-0/222.4167.31/lib/app.jar;D:/JetBrains/Toolbox/apps/WebStorm/ch-0/222.4167.31/lib/3rd-party-rt.jar
Launcher Type: SUN_STANDARD

[Global flags]
     intx CICompilerCount                          = 4                                         {product} {ergonomic}
     uint ConcGCThreads                            = 2                                         {product} {ergonomic}
     uint G1ConcRefinementThreads                  = 8                                         {product} {ergonomic}
   size_t G1HeapRegionSize                         = 2097152                                   {product} {ergonomic}
    uintx GCDrainStackTargetSize                   = 64                                        {product} {ergonomic}
   size_t InitialHeapSize                          = 266338304                                 {product} {ergonomic}
   size_t MarkStackSize                            = 4194304                                   {product} {ergonomic}
   size_t MaxHeapSize                              = 4248829952                                {product} {ergonomic}
   size_t MaxNewSize                               = 2548039680                                {product} {ergonomic}
   size_t MinHeapDeltaBytes                        = 2097152                                   {product} {ergonomic}
   size_t MinHeapSize                              = 8388608                                   {product} {ergonomic}
    uintx NonNMethodCodeHeapSize                   = 5839372                                {pd product} {ergonomic}
    uintx NonProfiledCodeHeapSize                  = 122909434                              {pd product} {ergonomic}
    uintx ProfiledCodeHeapSize                     = 122909434                              {pd product} {ergonomic}
    uintx ReservedCodeCacheSize                    = 251658240                              {pd product} {ergonomic}
     bool SegmentedCodeCache                       = true                                      {product} {ergonomic}
   size_t SoftMaxHeapSize                          = 4248829952                             {manageable} {ergonomic}
     bool UseCompressedClassPointers               = true                           {product lp64_product} {ergonomic}
     bool UseCompressedOops                        = true                           {product lp64_product} {ergonomic}
     bool UseG1GC                                  = true                                      {product} {ergonomic}
     bool UseLargePagesIndividualAllocation        = false                                  {pd product} {ergonomic}

Logging:
Log output configuration:
 #0: stdout all=warning uptime,level,tags
 #1: stderr all=off uptime,level,tags

Environment Variables:
PATH=C:/Program Files/Git/mingw64/libexec/git-core;C:/Program Files/Git/mingw64/libexec/git-core;C:\Program Files\Git\mingw64\bin;C:\Program Files\Git\usr\bin;C:\Users\hanjiawei\bin;C:\Windows\system32;C:\Windows;C:\Windows\System32\Wbem;C:\Windows\System32\WindowsPowerShell\v1.0\;C:\Windows\System32\OpenSSH\;C:\Program Files\Git\cmd;C:\Program Files (x86)\NetSarang\Xshell 7\;D:\Program Files\;C:\Program Files\nodejs\;D:\Program Files\Bandizip\;C:\Program Files\Docker\Docker\resources\bin;C:\ProgramData\DockerDesktop\version-bin;C:\Users\hanjiawei\AppData\Local\Microsoft\WindowsApps;C:\Users\hanjiawei\AppData\Local\Programs\Microsoft VS Code\bin;C:\Program Files\JetBrains\IntelliJ IDEA Community Edition 2022.2\bin;D:\Program Files\JetBrains\PyCharm Community Edition 2022.2.1\bin;C:\Users\hanjiawei\AppData\Roaming\npm;D:\Program Files\JetBrains\DataGrip 2022.2.2\bin;C:\Users\hanjiawei\AppData\Local\JetBrains\Toolbox\scripts
USERNAME=hanjiawei
DISPLAY=:0.0
LC_ALL=en_US.UTF-8
TERM=xterm-256color
TMPDIR=C:\Users\HANJIA~1\AppData\Local\Temp
OS=Windows_NT
PROCESSOR_IDENTIFIER=Intel64 Family 6 Model 142 Stepping 12, GenuineIntel
TMP=C:\Users\HANJIA~1\AppData\Local\Temp
TEMP=C:\Users\HANJIA~1\AppData\Local\Temp



---------------  S Y S T E M  ---------------

OS:
 Windows 10 , 64 bit Build 19041 (10.0.19041.1889)
OS uptime: 7 days 0:05 hours
Hyper-V role detected

CPU: total 8 (initial active 8) (4 cores per cpu, 2 threads per core) family 6 model 142 stepping 12 microcode 0xd2, cx8, cmov, fxsr, ht, mmx, 3dnowpref, sse, sse2, sse3, ssse3, sse4.1, sse4.2, popcnt, lzcnt, tsc, tscinvbit, avx, avx2, aes, erms, clmul, bmi1, bmi2, adx, fma, vzeroupper, clflush, clflushopt, hv

Memory: 4k page, system-wide physical 16206M (803M free)
TotalPageFile size 31566M (AvailPageFile size 2M)
current process WorkingSet (physical memory assigned to process): 47M, peak: 47M
current process commit charge ("private bytes"): 337M, peak: 337M

vm_info: OpenJDK 64-Bit Server VM (17.0.4+7-b469.53) for windows-amd64 JRE (17.0.4+7-b469.53), built on 2022-08-29 by "builduser" with MS VC++ 16.10 / 16.11 (VS2019)

END.
